<?xml version="1.0" encoding="UTF-8"?>
<<<<<<< HEAD
<<<<<<< HEAD
<testsuite xmlns:xsi="http://www.w3.org/2001/XMLSchema-instance" xsi:noNamespaceSchemaLocation="https://maven.apache.org/surefire/maven-surefire-plugin/xsd/surefire-test-report-3.0.xsd" version="3.0" name="com.mediscreen.patientApi.controller.PatientApiControllerTest" time="3.241" tests="11" errors="0" skipped="0" failures="0">
=======
<testsuite xmlns:xsi="http://www.w3.org/2001/XMLSchema-instance" xsi:noNamespaceSchemaLocation="https://maven.apache.org/surefire/maven-surefire-plugin/xsd/surefire-test-report-3.0.xsd" version="3.0" name="com.mediscreen.patientApi.controller.PatientApiControllerTest" time="3.308" tests="11" errors="0" skipped="0" failures="0">
>>>>>>> 7b85438 (Clean package of all services)
=======
<testsuite xmlns:xsi="http://www.w3.org/2001/XMLSchema-instance" xsi:noNamespaceSchemaLocation="https://maven.apache.org/surefire/maven-surefire-plugin/xsd/surefire-test-report-3.0.xsd" version="3.0" name="com.mediscreen.patientApi.controller.PatientApiControllerTest" time="3.241" tests="11" errors="0" skipped="0" failures="0">
>>>>>>> be49c38 (small fixes)
  <properties>
    <property name="java.specification.version" value="18"/>
    <property name="sun.cpu.isalist" value="amd64"/>
    <property name="sun.jnu.encoding" value="Cp1252"/>
    <property name="java.class.path" value="C:\Users\Lanselle\Desktop\MediScreen\PatientApiService\target\test-classes;C:\Users\Lanselle\Desktop\MediScreen\PatientApiService\target\classes;C:\Users\Lanselle\.m2\repository\org\springframework\boot\spring-boot-starter-data-jpa\3.1.1\spring-boot-starter-data-jpa-3.1.1.jar;C:\Users\Lanselle\.m2\repository\org\springframework\boot\spring-boot-starter-aop\3.1.1\spring-boot-starter-aop-3.1.1.jar;C:\Users\Lanselle\.m2\repository\org\springframework\spring-aop\6.0.10\spring-aop-6.0.10.jar;C:\Users\Lanselle\.m2\repository\org\aspectj\aspectjweaver\1.9.19\aspectjweaver-1.9.19.jar;C:\Users\Lanselle\.m2\repository\org\springframework\boot\spring-boot-starter-jdbc\3.1.1\spring-boot-starter-jdbc-3.1.1.jar;C:\Users\Lanselle\.m2\repository\com\zaxxer\HikariCP\5.0.1\HikariCP-5.0.1.jar;C:\Users\Lanselle\.m2\repository\org\springframework\spring-jdbc\6.0.10\spring-jdbc-6.0.10.jar;C:\Users\Lanselle\.m2\repository\org\hibernate\orm\hibernate-core\6.2.5.Final\hibernate-core-6.2.5.Final.jar;C:\Users\Lanselle\.m2\repository\jakarta\persistence\jakarta.persistence-api\3.1.0\jakarta.persistence-api-3.1.0.jar;C:\Users\Lanselle\.m2\repository\jakarta\transaction\jakarta.transaction-api\2.0.1\jakarta.transaction-api-2.0.1.jar;C:\Users\Lanselle\.m2\repository\org\jboss\logging\jboss-logging\3.5.1.Final\jboss-logging-3.5.1.Final.jar;C:\Users\Lanselle\.m2\repository\org\hibernate\common\hibernate-commons-annotations\6.0.6.Final\hibernate-commons-annotations-6.0.6.Final.jar;C:\Users\Lanselle\.m2\repository\io\smallrye\jandex\3.0.5\jandex-3.0.5.jar;C:\Users\Lanselle\.m2\repository\com\fasterxml\classmate\1.5.1\classmate-1.5.1.jar;C:\Users\Lanselle\.m2\repository\net\bytebuddy\byte-buddy\1.14.5\byte-buddy-1.14.5.jar;C:\Users\Lanselle\.m2\repository\org\glassfish\jaxb\jaxb-runtime\4.0.3\jaxb-runtime-4.0.3.jar;C:\Users\Lanselle\.m2\repository\org\glassfish\jaxb\jaxb-core\4.0.3\jaxb-core-4.0.3.jar;C:\Users\Lanselle\.m2\repository\org\eclipse\angus\angus-activation\2.0.1\angus-activation-2.0.1.jar;C:\Users\Lanselle\.m2\repository\org\glassfish\jaxb\txw2\4.0.3\txw2-4.0.3.jar;C:\Users\Lanselle\.m2\repository\com\sun\istack\istack-commons-runtime\4.1.2\istack-commons-runtime-4.1.2.jar;C:\Users\Lanselle\.m2\repository\jakarta\inject\jakarta.inject-api\2.0.1\jakarta.inject-api-2.0.1.jar;C:\Users\Lanselle\.m2\repository\org\antlr\antlr4-runtime\4.10.1\antlr4-runtime-4.10.1.jar;C:\Users\Lanselle\.m2\repository\org\springframework\data\spring-data-jpa\3.1.1\spring-data-jpa-3.1.1.jar;C:\Users\Lanselle\.m2\repository\org\springframework\data\spring-data-commons\3.1.1\spring-data-commons-3.1.1.jar;C:\Users\Lanselle\.m2\repository\org\springframework\spring-orm\6.0.10\spring-orm-6.0.10.jar;C:\Users\Lanselle\.m2\repository\org\springframework\spring-context\6.0.10\spring-context-6.0.10.jar;C:\Users\Lanselle\.m2\repository\org\springframework\spring-tx\6.0.10\spring-tx-6.0.10.jar;C:\Users\Lanselle\.m2\repository\org\springframework\spring-beans\6.0.10\spring-beans-6.0.10.jar;C:\Users\Lanselle\.m2\repository\jakarta\annotation\jakarta.annotation-api\2.1.1\jakarta.annotation-api-2.1.1.jar;C:\Users\Lanselle\.m2\repository\org\slf4j\slf4j-api\2.0.7\slf4j-api-2.0.7.jar;C:\Users\Lanselle\.m2\repository\org\springframework\spring-aspects\6.0.10\spring-aspects-6.0.10.jar;C:\Users\Lanselle\.m2\repository\org\springframework\boot\spring-boot-starter-web\3.1.1\spring-boot-starter-web-3.1.1.jar;C:\Users\Lanselle\.m2\repository\org\springframework\boot\spring-boot-starter\3.1.1\spring-boot-starter-3.1.1.jar;C:\Users\Lanselle\.m2\repository\org\springframework\boot\spring-boot\3.1.1\spring-boot-3.1.1.jar;C:\Users\Lanselle\.m2\repository\org\springframework\boot\spring-boot-autoconfigure\3.1.1\spring-boot-autoconfigure-3.1.1.jar;C:\Users\Lanselle\.m2\repository\org\springframework\boot\spring-boot-starter-logging\3.1.1\spring-boot-starter-logging-3.1.1.jar;C:\Users\Lanselle\.m2\repository\ch\qos\logback\logback-classic\1.4.8\logback-classic-1.4.8.jar;C:\Users\Lanselle\.m2\repository\ch\qos\logback\logback-core\1.4.8\logback-core-1.4.8.jar;C:\Users\Lanselle\.m2\repository\org\apache\logging\log4j\log4j-to-slf4j\2.20.0\log4j-to-slf4j-2.20.0.jar;C:\Users\Lanselle\.m2\repository\org\apache\logging\log4j\log4j-api\2.20.0\log4j-api-2.20.0.jar;C:\Users\Lanselle\.m2\repository\org\slf4j\jul-to-slf4j\2.0.7\jul-to-slf4j-2.0.7.jar;C:\Users\Lanselle\.m2\repository\org\yaml\snakeyaml\1.33\snakeyaml-1.33.jar;C:\Users\Lanselle\.m2\repository\org\springframework\boot\spring-boot-starter-json\3.1.1\spring-boot-starter-json-3.1.1.jar;C:\Users\Lanselle\.m2\repository\com\fasterxml\jackson\core\jackson-databind\2.15.2\jackson-databind-2.15.2.jar;C:\Users\Lanselle\.m2\repository\com\fasterxml\jackson\core\jackson-annotations\2.15.2\jackson-annotations-2.15.2.jar;C:\Users\Lanselle\.m2\repository\com\fasterxml\jackson\core\jackson-core\2.15.2\jackson-core-2.15.2.jar;C:\Users\Lanselle\.m2\repository\com\fasterxml\jackson\datatype\jackson-datatype-jdk8\2.15.2\jackson-datatype-jdk8-2.15.2.jar;C:\Users\Lanselle\.m2\repository\com\fasterxml\jackson\datatype\jackson-datatype-jsr310\2.15.2\jackson-datatype-jsr310-2.15.2.jar;C:\Users\Lanselle\.m2\repository\com\fasterxml\jackson\module\jackson-module-parameter-names\2.15.2\jackson-module-parameter-names-2.15.2.jar;C:\Users\Lanselle\.m2\repository\org\springframework\boot\spring-boot-starter-tomcat\3.1.1\spring-boot-starter-tomcat-3.1.1.jar;C:\Users\Lanselle\.m2\repository\org\apache\tomcat\embed\tomcat-embed-core\10.1.10\tomcat-embed-core-10.1.10.jar;C:\Users\Lanselle\.m2\repository\org\apache\tomcat\embed\tomcat-embed-websocket\10.1.10\tomcat-embed-websocket-10.1.10.jar;C:\Users\Lanselle\.m2\repository\org\springframework\spring-web\6.0.10\spring-web-6.0.10.jar;C:\Users\Lanselle\.m2\repository\io\micrometer\micrometer-observation\1.11.1\micrometer-observation-1.11.1.jar;C:\Users\Lanselle\.m2\repository\io\micrometer\micrometer-commons\1.11.1\micrometer-commons-1.11.1.jar;C:\Users\Lanselle\.m2\repository\org\springframework\spring-webmvc\6.0.10\spring-webmvc-6.0.10.jar;C:\Users\Lanselle\.m2\repository\org\springframework\spring-expression\6.0.10\spring-expression-6.0.10.jar;C:\Users\Lanselle\.m2\repository\com\mysql\mysql-connector-j\8.0.33\mysql-connector-j-8.0.33.jar;C:\Users\Lanselle\.m2\repository\org\springframework\boot\spring-boot-starter-validation\3.1.1\spring-boot-starter-validation-3.1.1.jar;C:\Users\Lanselle\.m2\repository\org\apache\tomcat\embed\tomcat-embed-el\10.1.10\tomcat-embed-el-10.1.10.jar;C:\Users\Lanselle\.m2\repository\org\hibernate\validator\hibernate-validator\8.0.0.Final\hibernate-validator-8.0.0.Final.jar;C:\Users\Lanselle\.m2\repository\jakarta\validation\jakarta.validation-api\3.0.2\jakarta.validation-api-3.0.2.jar;C:\Users\Lanselle\.m2\repository\org\springframework\boot\spring-boot-starter-test\3.1.1\spring-boot-starter-test-3.1.1.jar;C:\Users\Lanselle\.m2\repository\org\springframework\boot\spring-boot-test\3.1.1\spring-boot-test-3.1.1.jar;C:\Users\Lanselle\.m2\repository\org\springframework\boot\spring-boot-test-autoconfigure\3.1.1\spring-boot-test-autoconfigure-3.1.1.jar;C:\Users\Lanselle\.m2\repository\com\jayway\jsonpath\json-path\2.8.0\json-path-2.8.0.jar;C:\Users\Lanselle\.m2\repository\jakarta\xml\bind\jakarta.xml.bind-api\4.0.0\jakarta.xml.bind-api-4.0.0.jar;C:\Users\Lanselle\.m2\repository\jakarta\activation\jakarta.activation-api\2.1.2\jakarta.activation-api-2.1.2.jar;C:\Users\Lanselle\.m2\repository\net\minidev\json-smart\2.4.11\json-smart-2.4.11.jar;C:\Users\Lanselle\.m2\repository\net\minidev\accessors-smart\2.4.11\accessors-smart-2.4.11.jar;C:\Users\Lanselle\.m2\repository\org\ow2\asm\asm\9.3\asm-9.3.jar;C:\Users\Lanselle\.m2\repository\org\assertj\assertj-core\3.24.2\assertj-core-3.24.2.jar;C:\Users\Lanselle\.m2\repository\org\hamcrest\hamcrest\2.2\hamcrest-2.2.jar;C:\Users\Lanselle\.m2\repository\org\junit\jupiter\junit-jupiter\5.9.3\junit-jupiter-5.9.3.jar;C:\Users\Lanselle\.m2\repository\org\junit\jupiter\junit-jupiter-params\5.9.3\junit-jupiter-params-5.9.3.jar;C:\Users\Lanselle\.m2\repository\org\mockito\mockito-core\5.3.1\mockito-core-5.3.1.jar;C:\Users\Lanselle\.m2\repository\net\bytebuddy\byte-buddy-agent\1.14.5\byte-buddy-agent-1.14.5.jar;C:\Users\Lanselle\.m2\repository\org\objenesis\objenesis\3.3\objenesis-3.3.jar;C:\Users\Lanselle\.m2\repository\org\mockito\mockito-junit-jupiter\5.3.1\mockito-junit-jupiter-5.3.1.jar;C:\Users\Lanselle\.m2\repository\org\skyscreamer\jsonassert\1.5.1\jsonassert-1.5.1.jar;C:\Users\Lanselle\.m2\repository\com\vaadin\external\google\android-json\0.0.20131108.vaadin1\android-json-0.0.20131108.vaadin1.jar;C:\Users\Lanselle\.m2\repository\org\springframework\spring-core\6.0.10\spring-core-6.0.10.jar;C:\Users\Lanselle\.m2\repository\org\springframework\spring-jcl\6.0.10\spring-jcl-6.0.10.jar;C:\Users\Lanselle\.m2\repository\org\springframework\spring-test\6.0.10\spring-test-6.0.10.jar;C:\Users\Lanselle\.m2\repository\org\xmlunit\xmlunit-core\2.9.1\xmlunit-core-2.9.1.jar;C:\Users\Lanselle\.m2\repository\org\junit\jupiter\junit-jupiter-engine\5.9.3\junit-jupiter-engine-5.9.3.jar;C:\Users\Lanselle\.m2\repository\org\junit\platform\junit-platform-engine\1.9.3\junit-platform-engine-1.9.3.jar;C:\Users\Lanselle\.m2\repository\org\opentest4j\opentest4j\1.2.0\opentest4j-1.2.0.jar;C:\Users\Lanselle\.m2\repository\org\junit\platform\junit-platform-commons\1.9.3\junit-platform-commons-1.9.3.jar;C:\Users\Lanselle\.m2\repository\org\junit\jupiter\junit-jupiter-api\5.9.3\junit-jupiter-api-5.9.3.jar;C:\Users\Lanselle\.m2\repository\org\apiguardian\apiguardian-api\1.1.2\apiguardian-api-1.1.2.jar;"/>
    <property name="java.vm.vendor" value="Eclipse Adoptium"/>
    <property name="sun.arch.data.model" value="64"/>
    <property name="user.variant" value=""/>
    <property name="java.vendor.url" value="https://adoptium.net/"/>
    <property name="user.timezone" value="Europe/Paris"/>
    <property name="os.name" value="Windows 10"/>
    <property name="java.vm.specification.version" value="18"/>
    <property name="sun.java.launcher" value="SUN_STANDARD"/>
    <property name="user.country" value="FR"/>
    <property name="sun.boot.library.path" value="C:\Users\Lanselle\.p2\pool\plugins\org.eclipse.justj.openjdk.hotspot.jre.full.win32.x86_64_18.0.1.v20220515-1614\jre\bin"/>
<<<<<<< HEAD
<<<<<<< HEAD
    <property name="sun.java.command" value="C:\Users\Lanselle\AppData\Local\Temp\surefire1553411687333468955\surefirebooter-20230814100825799_3.jar C:\Users\Lanselle\AppData\Local\Temp\surefire1553411687333468955 2023-08-14T10-08-25_636-jvmRun1 surefire-20230814100825799_1tmp surefire_0-20230814100825799_2tmp"/>
=======
    <property name="sun.java.command" value="C:\Users\Lanselle\AppData\Local\Temp\surefire12738501343305986829\surefirebooter-20230808154406246_3.jar C:\Users\Lanselle\AppData\Local\Temp\surefire12738501343305986829 2023-08-08T15-44-06_100-jvmRun1 surefire-20230808154406246_1tmp surefire_0-20230808154406246_2tmp"/>
>>>>>>> 7b85438 (Clean package of all services)
=======
    <property name="sun.java.command" value="C:\Users\Lanselle\AppData\Local\Temp\surefire1553411687333468955\surefirebooter-20230814100825799_3.jar C:\Users\Lanselle\AppData\Local\Temp\surefire1553411687333468955 2023-08-14T10-08-25_636-jvmRun1 surefire-20230814100825799_1tmp surefire_0-20230814100825799_2tmp"/>
>>>>>>> be49c38 (small fixes)
    <property name="jdk.debug" value="release"/>
    <property name="surefire.test.class.path" value="C:\Users\Lanselle\Desktop\MediScreen\PatientApiService\target\test-classes;C:\Users\Lanselle\Desktop\MediScreen\PatientApiService\target\classes;C:\Users\Lanselle\.m2\repository\org\springframework\boot\spring-boot-starter-data-jpa\3.1.1\spring-boot-starter-data-jpa-3.1.1.jar;C:\Users\Lanselle\.m2\repository\org\springframework\boot\spring-boot-starter-aop\3.1.1\spring-boot-starter-aop-3.1.1.jar;C:\Users\Lanselle\.m2\repository\org\springframework\spring-aop\6.0.10\spring-aop-6.0.10.jar;C:\Users\Lanselle\.m2\repository\org\aspectj\aspectjweaver\1.9.19\aspectjweaver-1.9.19.jar;C:\Users\Lanselle\.m2\repository\org\springframework\boot\spring-boot-starter-jdbc\3.1.1\spring-boot-starter-jdbc-3.1.1.jar;C:\Users\Lanselle\.m2\repository\com\zaxxer\HikariCP\5.0.1\HikariCP-5.0.1.jar;C:\Users\Lanselle\.m2\repository\org\springframework\spring-jdbc\6.0.10\spring-jdbc-6.0.10.jar;C:\Users\Lanselle\.m2\repository\org\hibernate\orm\hibernate-core\6.2.5.Final\hibernate-core-6.2.5.Final.jar;C:\Users\Lanselle\.m2\repository\jakarta\persistence\jakarta.persistence-api\3.1.0\jakarta.persistence-api-3.1.0.jar;C:\Users\Lanselle\.m2\repository\jakarta\transaction\jakarta.transaction-api\2.0.1\jakarta.transaction-api-2.0.1.jar;C:\Users\Lanselle\.m2\repository\org\jboss\logging\jboss-logging\3.5.1.Final\jboss-logging-3.5.1.Final.jar;C:\Users\Lanselle\.m2\repository\org\hibernate\common\hibernate-commons-annotations\6.0.6.Final\hibernate-commons-annotations-6.0.6.Final.jar;C:\Users\Lanselle\.m2\repository\io\smallrye\jandex\3.0.5\jandex-3.0.5.jar;C:\Users\Lanselle\.m2\repository\com\fasterxml\classmate\1.5.1\classmate-1.5.1.jar;C:\Users\Lanselle\.m2\repository\net\bytebuddy\byte-buddy\1.14.5\byte-buddy-1.14.5.jar;C:\Users\Lanselle\.m2\repository\org\glassfish\jaxb\jaxb-runtime\4.0.3\jaxb-runtime-4.0.3.jar;C:\Users\Lanselle\.m2\repository\org\glassfish\jaxb\jaxb-core\4.0.3\jaxb-core-4.0.3.jar;C:\Users\Lanselle\.m2\repository\org\eclipse\angus\angus-activation\2.0.1\angus-activation-2.0.1.jar;C:\Users\Lanselle\.m2\repository\org\glassfish\jaxb\txw2\4.0.3\txw2-4.0.3.jar;C:\Users\Lanselle\.m2\repository\com\sun\istack\istack-commons-runtime\4.1.2\istack-commons-runtime-4.1.2.jar;C:\Users\Lanselle\.m2\repository\jakarta\inject\jakarta.inject-api\2.0.1\jakarta.inject-api-2.0.1.jar;C:\Users\Lanselle\.m2\repository\org\antlr\antlr4-runtime\4.10.1\antlr4-runtime-4.10.1.jar;C:\Users\Lanselle\.m2\repository\org\springframework\data\spring-data-jpa\3.1.1\spring-data-jpa-3.1.1.jar;C:\Users\Lanselle\.m2\repository\org\springframework\data\spring-data-commons\3.1.1\spring-data-commons-3.1.1.jar;C:\Users\Lanselle\.m2\repository\org\springframework\spring-orm\6.0.10\spring-orm-6.0.10.jar;C:\Users\Lanselle\.m2\repository\org\springframework\spring-context\6.0.10\spring-context-6.0.10.jar;C:\Users\Lanselle\.m2\repository\org\springframework\spring-tx\6.0.10\spring-tx-6.0.10.jar;C:\Users\Lanselle\.m2\repository\org\springframework\spring-beans\6.0.10\spring-beans-6.0.10.jar;C:\Users\Lanselle\.m2\repository\jakarta\annotation\jakarta.annotation-api\2.1.1\jakarta.annotation-api-2.1.1.jar;C:\Users\Lanselle\.m2\repository\org\slf4j\slf4j-api\2.0.7\slf4j-api-2.0.7.jar;C:\Users\Lanselle\.m2\repository\org\springframework\spring-aspects\6.0.10\spring-aspects-6.0.10.jar;C:\Users\Lanselle\.m2\repository\org\springframework\boot\spring-boot-starter-web\3.1.1\spring-boot-starter-web-3.1.1.jar;C:\Users\Lanselle\.m2\repository\org\springframework\boot\spring-boot-starter\3.1.1\spring-boot-starter-3.1.1.jar;C:\Users\Lanselle\.m2\repository\org\springframework\boot\spring-boot\3.1.1\spring-boot-3.1.1.jar;C:\Users\Lanselle\.m2\repository\org\springframework\boot\spring-boot-autoconfigure\3.1.1\spring-boot-autoconfigure-3.1.1.jar;C:\Users\Lanselle\.m2\repository\org\springframework\boot\spring-boot-starter-logging\3.1.1\spring-boot-starter-logging-3.1.1.jar;C:\Users\Lanselle\.m2\repository\ch\qos\logback\logback-classic\1.4.8\logback-classic-1.4.8.jar;C:\Users\Lanselle\.m2\repository\ch\qos\logback\logback-core\1.4.8\logback-core-1.4.8.jar;C:\Users\Lanselle\.m2\repository\org\apache\logging\log4j\log4j-to-slf4j\2.20.0\log4j-to-slf4j-2.20.0.jar;C:\Users\Lanselle\.m2\repository\org\apache\logging\log4j\log4j-api\2.20.0\log4j-api-2.20.0.jar;C:\Users\Lanselle\.m2\repository\org\slf4j\jul-to-slf4j\2.0.7\jul-to-slf4j-2.0.7.jar;C:\Users\Lanselle\.m2\repository\org\yaml\snakeyaml\1.33\snakeyaml-1.33.jar;C:\Users\Lanselle\.m2\repository\org\springframework\boot\spring-boot-starter-json\3.1.1\spring-boot-starter-json-3.1.1.jar;C:\Users\Lanselle\.m2\repository\com\fasterxml\jackson\core\jackson-databind\2.15.2\jackson-databind-2.15.2.jar;C:\Users\Lanselle\.m2\repository\com\fasterxml\jackson\core\jackson-annotations\2.15.2\jackson-annotations-2.15.2.jar;C:\Users\Lanselle\.m2\repository\com\fasterxml\jackson\core\jackson-core\2.15.2\jackson-core-2.15.2.jar;C:\Users\Lanselle\.m2\repository\com\fasterxml\jackson\datatype\jackson-datatype-jdk8\2.15.2\jackson-datatype-jdk8-2.15.2.jar;C:\Users\Lanselle\.m2\repository\com\fasterxml\jackson\datatype\jackson-datatype-jsr310\2.15.2\jackson-datatype-jsr310-2.15.2.jar;C:\Users\Lanselle\.m2\repository\com\fasterxml\jackson\module\jackson-module-parameter-names\2.15.2\jackson-module-parameter-names-2.15.2.jar;C:\Users\Lanselle\.m2\repository\org\springframework\boot\spring-boot-starter-tomcat\3.1.1\spring-boot-starter-tomcat-3.1.1.jar;C:\Users\Lanselle\.m2\repository\org\apache\tomcat\embed\tomcat-embed-core\10.1.10\tomcat-embed-core-10.1.10.jar;C:\Users\Lanselle\.m2\repository\org\apache\tomcat\embed\tomcat-embed-websocket\10.1.10\tomcat-embed-websocket-10.1.10.jar;C:\Users\Lanselle\.m2\repository\org\springframework\spring-web\6.0.10\spring-web-6.0.10.jar;C:\Users\Lanselle\.m2\repository\io\micrometer\micrometer-observation\1.11.1\micrometer-observation-1.11.1.jar;C:\Users\Lanselle\.m2\repository\io\micrometer\micrometer-commons\1.11.1\micrometer-commons-1.11.1.jar;C:\Users\Lanselle\.m2\repository\org\springframework\spring-webmvc\6.0.10\spring-webmvc-6.0.10.jar;C:\Users\Lanselle\.m2\repository\org\springframework\spring-expression\6.0.10\spring-expression-6.0.10.jar;C:\Users\Lanselle\.m2\repository\com\mysql\mysql-connector-j\8.0.33\mysql-connector-j-8.0.33.jar;C:\Users\Lanselle\.m2\repository\org\springframework\boot\spring-boot-starter-validation\3.1.1\spring-boot-starter-validation-3.1.1.jar;C:\Users\Lanselle\.m2\repository\org\apache\tomcat\embed\tomcat-embed-el\10.1.10\tomcat-embed-el-10.1.10.jar;C:\Users\Lanselle\.m2\repository\org\hibernate\validator\hibernate-validator\8.0.0.Final\hibernate-validator-8.0.0.Final.jar;C:\Users\Lanselle\.m2\repository\jakarta\validation\jakarta.validation-api\3.0.2\jakarta.validation-api-3.0.2.jar;C:\Users\Lanselle\.m2\repository\org\springframework\boot\spring-boot-starter-test\3.1.1\spring-boot-starter-test-3.1.1.jar;C:\Users\Lanselle\.m2\repository\org\springframework\boot\spring-boot-test\3.1.1\spring-boot-test-3.1.1.jar;C:\Users\Lanselle\.m2\repository\org\springframework\boot\spring-boot-test-autoconfigure\3.1.1\spring-boot-test-autoconfigure-3.1.1.jar;C:\Users\Lanselle\.m2\repository\com\jayway\jsonpath\json-path\2.8.0\json-path-2.8.0.jar;C:\Users\Lanselle\.m2\repository\jakarta\xml\bind\jakarta.xml.bind-api\4.0.0\jakarta.xml.bind-api-4.0.0.jar;C:\Users\Lanselle\.m2\repository\jakarta\activation\jakarta.activation-api\2.1.2\jakarta.activation-api-2.1.2.jar;C:\Users\Lanselle\.m2\repository\net\minidev\json-smart\2.4.11\json-smart-2.4.11.jar;C:\Users\Lanselle\.m2\repository\net\minidev\accessors-smart\2.4.11\accessors-smart-2.4.11.jar;C:\Users\Lanselle\.m2\repository\org\ow2\asm\asm\9.3\asm-9.3.jar;C:\Users\Lanselle\.m2\repository\org\assertj\assertj-core\3.24.2\assertj-core-3.24.2.jar;C:\Users\Lanselle\.m2\repository\org\hamcrest\hamcrest\2.2\hamcrest-2.2.jar;C:\Users\Lanselle\.m2\repository\org\junit\jupiter\junit-jupiter\5.9.3\junit-jupiter-5.9.3.jar;C:\Users\Lanselle\.m2\repository\org\junit\jupiter\junit-jupiter-params\5.9.3\junit-jupiter-params-5.9.3.jar;C:\Users\Lanselle\.m2\repository\org\mockito\mockito-core\5.3.1\mockito-core-5.3.1.jar;C:\Users\Lanselle\.m2\repository\net\bytebuddy\byte-buddy-agent\1.14.5\byte-buddy-agent-1.14.5.jar;C:\Users\Lanselle\.m2\repository\org\objenesis\objenesis\3.3\objenesis-3.3.jar;C:\Users\Lanselle\.m2\repository\org\mockito\mockito-junit-jupiter\5.3.1\mockito-junit-jupiter-5.3.1.jar;C:\Users\Lanselle\.m2\repository\org\skyscreamer\jsonassert\1.5.1\jsonassert-1.5.1.jar;C:\Users\Lanselle\.m2\repository\com\vaadin\external\google\android-json\0.0.20131108.vaadin1\android-json-0.0.20131108.vaadin1.jar;C:\Users\Lanselle\.m2\repository\org\springframework\spring-core\6.0.10\spring-core-6.0.10.jar;C:\Users\Lanselle\.m2\repository\org\springframework\spring-jcl\6.0.10\spring-jcl-6.0.10.jar;C:\Users\Lanselle\.m2\repository\org\springframework\spring-test\6.0.10\spring-test-6.0.10.jar;C:\Users\Lanselle\.m2\repository\org\xmlunit\xmlunit-core\2.9.1\xmlunit-core-2.9.1.jar;C:\Users\Lanselle\.m2\repository\org\junit\jupiter\junit-jupiter-engine\5.9.3\junit-jupiter-engine-5.9.3.jar;C:\Users\Lanselle\.m2\repository\org\junit\platform\junit-platform-engine\1.9.3\junit-platform-engine-1.9.3.jar;C:\Users\Lanselle\.m2\repository\org\opentest4j\opentest4j\1.2.0\opentest4j-1.2.0.jar;C:\Users\Lanselle\.m2\repository\org\junit\platform\junit-platform-commons\1.9.3\junit-platform-commons-1.9.3.jar;C:\Users\Lanselle\.m2\repository\org\junit\jupiter\junit-jupiter-api\5.9.3\junit-jupiter-api-5.9.3.jar;C:\Users\Lanselle\.m2\repository\org\apiguardian\apiguardian-api\1.1.2\apiguardian-api-1.1.2.jar;"/>
    <property name="sun.cpu.endian" value="little"/>
    <property name="user.home" value="C:\Users\Lanselle"/>
    <property name="user.language" value="fr"/>
    <property name="java.specification.vendor" value="Oracle Corporation"/>
    <property name="java.version.date" value="2022-04-19"/>
    <property name="java.home" value="C:\Users\Lanselle\.p2\pool\plugins\org.eclipse.justj.openjdk.hotspot.jre.full.win32.x86_64_18.0.1.v20220515-1614\jre"/>
    <property name="file.separator" value="\"/>
    <property name="basedir" value="C:\Users\Lanselle\Desktop\MediScreen\PatientApiService"/>
    <property name="style.color" value="always"/>
    <property name="java.vm.compressedOopsMode" value="32-bit"/>
    <property name="line.separator" value="&#10;"/>
    <property name="java.vm.specification.vendor" value="Oracle Corporation"/>
    <property name="java.specification.name" value="Java Platform API Specification"/>
<<<<<<< HEAD
<<<<<<< HEAD
    <property name="surefire.real.class.path" value="C:\Users\Lanselle\AppData\Local\Temp\surefire1553411687333468955\surefirebooter-20230814100825799_3.jar"/>
=======
    <property name="surefire.real.class.path" value="C:\Users\Lanselle\AppData\Local\Temp\surefire12738501343305986829\surefirebooter-20230808154406246_3.jar"/>
>>>>>>> 7b85438 (Clean package of all services)
=======
    <property name="surefire.real.class.path" value="C:\Users\Lanselle\AppData\Local\Temp\surefire1553411687333468955\surefirebooter-20230814100825799_3.jar"/>
>>>>>>> be49c38 (small fixes)
    <property name="user.script" value=""/>
    <property name="sun.management.compiler" value="HotSpot 64-Bit Tiered Compilers"/>
    <property name="java.runtime.version" value="18.0.1+10"/>
    <property name="user.name" value="Lanselle"/>
    <property name="path.separator" value=";"/>
    <property name="os.version" value="10.0"/>
    <property name="java.runtime.name" value="OpenJDK Runtime Environment"/>
    <property name="file.encoding" value="UTF-8"/>
    <property name="java.vm.name" value="OpenJDK 64-Bit Server VM"/>
    <property name="java.vendor.version" value="Temurin-18.0.1+10"/>
    <property name="localRepository" value="C:\Users\Lanselle\.m2\repository"/>
    <property name="java.vendor.url.bug" value="https://github.com/adoptium/adoptium-support/issues"/>
    <property name="java.io.tmpdir" value="C:\Users\Lanselle\AppData\Local\Temp\"/>
    <property name="java.version" value="18.0.1"/>
    <property name="user.dir" value="C:\Users\Lanselle\Desktop\MediScreen\PatientApiService"/>
    <property name="os.arch" value="amd64"/>
    <property name="java.vm.specification.name" value="Java Virtual Machine Specification"/>
    <property name="sun.os.patch.level" value=""/>
    <property name="native.encoding" value="Cp1252"/>
    <property name="java.library.path" value="C:\Users\Lanselle\.p2\pool\plugins\org.eclipse.justj.openjdk.hotspot.jre.full.win32.x86_64_18.0.1.v20220515-1614\jre\bin;C:\Windows\Sun\Java\bin;C:\Windows\system32;C:\Windows;C:/Users/Lanselle/.p2/pool/plugins/org.eclipse.justj.openjdk.hotspot.jre.full.win32.x86_64_18.0.1.v20220515-1614/jre/bin/server;C:/Users/Lanselle/.p2/pool/plugins/org.eclipse.justj.openjdk.hotspot.jre.full.win32.x86_64_18.0.1.v20220515-1614/jre/bin;C:\Windows\system32;C:\Windows;C:\Windows\System32\Wbem;C:\Windows\System32\WindowsPowerShell\v1.0\;C:\Windows\System32\OpenSSH\;C:\Program Files\Git\cmd;C:\Program Files\Java\jdk-17.0.7\bin;C:\Program Files\Gradle\gradle-8.1.1\bin;C:\Program Files\Maven\apache-maven-3.9.3\bin;;C:\Program Files\Docker\Docker\resources\bin;C:\Users\Lanselle\AppData\Local\Microsoft\WindowsApps;C:\Program Files\JetBrains\IntelliJ IDEA Community Edition 2023.1\bin;;;C:\Users\Lanselle\eclipse\java-2022-03\eclipse;;."/>
    <property name="java.vm.info" value="mixed mode"/>
    <property name="java.vendor" value="Eclipse Adoptium"/>
    <property name="java.vm.version" value="18.0.1+10"/>
    <property name="sun.io.unicode.encoding" value="UnicodeLittle"/>
    <property name="java.class.version" value="62.0"/>
  </properties>
<<<<<<< HEAD
<<<<<<< HEAD
  <testcase name="addPatient_shouldReturnResponseEntityWithNotAcceptableStatusAndStringAsBody" classname="com.mediscreen.patientApi.controller.PatientApiControllerTest" time="3.004">
    <system-out><![CDATA[10:08:30.263 [main] INFO com.mediscreen.patientApi.controller.PatientApiController -- POST request - addPatient using Json Dumont, Jean
]]></system-out>
  </testcase>
  <testcase name="updatePatient_shouldReturnResponseEntityWithNotAcceptableStatusAndStringAsBody" classname="com.mediscreen.patientApi.controller.PatientApiControllerTest" time="0.018">
    <system-out><![CDATA[10:08:30.397 [main] INFO com.mediscreen.patientApi.controller.PatientApiController -- PUT request - updatePatient 1
]]></system-out>
  </testcase>
  <testcase name="updatePatient_shouldReturnResponseEntityWithOkStatusAndStringAsBody" classname="com.mediscreen.patientApi.controller.PatientApiControllerTest" time="0.017">
    <system-out><![CDATA[10:08:30.413 [main] INFO com.mediscreen.patientApi.controller.PatientApiController -- PUT request - updatePatient 1
]]></system-out>
  </testcase>
  <testcase name="updatePatient_shouldReturnResponseEntityWithNotFoundStatusAndStringAsBody" classname="com.mediscreen.patientApi.controller.PatientApiControllerTest" time="0.039">
    <system-out><![CDATA[10:08:30.452 [main] INFO com.mediscreen.patientApi.controller.PatientApiController -- PUT request - updatePatient 1
]]></system-out>
  </testcase>
  <testcase name="getPatient_shouldReturnResponseEntityWithOkStatusAndSpecificPatientDtoAsBody" classname="com.mediscreen.patientApi.controller.PatientApiControllerTest" time="0.01">
    <system-out><![CDATA[10:08:30.471 [main] INFO com.mediscreen.patientApi.controller.PatientApiController -- GET request - getPatient 1
]]></system-out>
  </testcase>
  <testcase name="deletePatient_shouldReturnResponseEntityWithNotFoundStatusAndStringAsBody" classname="com.mediscreen.patientApi.controller.PatientApiControllerTest" time="0.01">
    <system-out><![CDATA[10:08:30.487 [main] INFO com.mediscreen.patientApi.controller.PatientApiController -- DELETE request - deletePatient 1
]]></system-out>
  </testcase>
  <testcase name="deletePatient_shouldReturnResponseEntityWithOkStatusAndStringAsBody" classname="com.mediscreen.patientApi.controller.PatientApiControllerTest" time="0.01">
    <system-out><![CDATA[10:08:30.498 [main] INFO com.mediscreen.patientApi.controller.PatientApiController -- DELETE request - deletePatient 1
]]></system-out>
  </testcase>
  <testcase name="getAllPatients_shouldReturnResponseEntityWithOkStatusAndListPatientDtoAsBody" classname="com.mediscreen.patientApi.controller.PatientApiControllerTest" time="0.014">
    <system-out><![CDATA[10:08:30.514 [main] INFO com.mediscreen.patientApi.controller.PatientApiController -- GET request - getAllPatients
]]></system-out>
  </testcase>
  <testcase name="getPatient_shouldReturnResponseEntityWithNotFoundStatus" classname="com.mediscreen.patientApi.controller.PatientApiControllerTest" time="0.005">
    <system-out><![CDATA[10:08:30.523 [main] INFO com.mediscreen.patientApi.controller.PatientApiController -- GET request - getPatient 1
]]></system-out>
  </testcase>
  <testcase name="searchPatients_shouldReturnResponseEntityWithOkStatusAndListPatientDtoAsBody" classname="com.mediscreen.patientApi.controller.PatientApiControllerTest" time="0.007">
    <system-out><![CDATA[10:08:30.533 [main] INFO com.mediscreen.patientApi.controller.PatientApiController -- GET request - searchPatients Jean, Dumont
]]></system-out>
  </testcase>
  <testcase name="addPatient_shouldReturnResponseEntityWithCreatedStatusAndStringAsBody" classname="com.mediscreen.patientApi.controller.PatientApiControllerTest" time="0.007">
    <system-out><![CDATA[10:08:30.541 [main] INFO com.mediscreen.patientApi.controller.PatientApiController -- POST request - addPatient using Json Dumont, Jean
=======
  <testcase name="addPatient_shouldReturnResponseEntityWithNotAcceptableStatusAndStringAsBody" classname="com.mediscreen.patientApi.controller.PatientApiControllerTest" time="3.098">
    <system-out><![CDATA[15:44:10.858 [main] INFO com.mediscreen.patientApi.controller.PatientApiController -- POST request - addPatient using Json Dumont, Jean
=======
  <testcase name="addPatient_shouldReturnResponseEntityWithNotAcceptableStatusAndStringAsBody" classname="com.mediscreen.patientApi.controller.PatientApiControllerTest" time="3.004">
    <system-out><![CDATA[10:08:30.263 [main] INFO com.mediscreen.patientApi.controller.PatientApiController -- POST request - addPatient using Json Dumont, Jean
>>>>>>> be49c38 (small fixes)
]]></system-out>
  </testcase>
  <testcase name="updatePatient_shouldReturnResponseEntityWithNotAcceptableStatusAndStringAsBody" classname="com.mediscreen.patientApi.controller.PatientApiControllerTest" time="0.018">
    <system-out><![CDATA[10:08:30.397 [main] INFO com.mediscreen.patientApi.controller.PatientApiController -- PUT request - updatePatient 1
]]></system-out>
  </testcase>
  <testcase name="updatePatient_shouldReturnResponseEntityWithOkStatusAndStringAsBody" classname="com.mediscreen.patientApi.controller.PatientApiControllerTest" time="0.017">
    <system-out><![CDATA[10:08:30.413 [main] INFO com.mediscreen.patientApi.controller.PatientApiController -- PUT request - updatePatient 1
]]></system-out>
  </testcase>
  <testcase name="updatePatient_shouldReturnResponseEntityWithNotFoundStatusAndStringAsBody" classname="com.mediscreen.patientApi.controller.PatientApiControllerTest" time="0.039">
    <system-out><![CDATA[10:08:30.452 [main] INFO com.mediscreen.patientApi.controller.PatientApiController -- PUT request - updatePatient 1
]]></system-out>
  </testcase>
  <testcase name="getPatient_shouldReturnResponseEntityWithOkStatusAndSpecificPatientDtoAsBody" classname="com.mediscreen.patientApi.controller.PatientApiControllerTest" time="0.01">
    <system-out><![CDATA[10:08:30.471 [main] INFO com.mediscreen.patientApi.controller.PatientApiController -- GET request - getPatient 1
]]></system-out>
  </testcase>
  <testcase name="deletePatient_shouldReturnResponseEntityWithNotFoundStatusAndStringAsBody" classname="com.mediscreen.patientApi.controller.PatientApiControllerTest" time="0.01">
    <system-out><![CDATA[10:08:30.487 [main] INFO com.mediscreen.patientApi.controller.PatientApiController -- DELETE request - deletePatient 1
]]></system-out>
  </testcase>
  <testcase name="deletePatient_shouldReturnResponseEntityWithOkStatusAndStringAsBody" classname="com.mediscreen.patientApi.controller.PatientApiControllerTest" time="0.01">
    <system-out><![CDATA[10:08:30.498 [main] INFO com.mediscreen.patientApi.controller.PatientApiController -- DELETE request - deletePatient 1
]]></system-out>
  </testcase>
  <testcase name="getAllPatients_shouldReturnResponseEntityWithOkStatusAndListPatientDtoAsBody" classname="com.mediscreen.patientApi.controller.PatientApiControllerTest" time="0.014">
    <system-out><![CDATA[10:08:30.514 [main] INFO com.mediscreen.patientApi.controller.PatientApiController -- GET request - getAllPatients
]]></system-out>
  </testcase>
  <testcase name="getPatient_shouldReturnResponseEntityWithNotFoundStatus" classname="com.mediscreen.patientApi.controller.PatientApiControllerTest" time="0.005">
    <system-out><![CDATA[10:08:30.523 [main] INFO com.mediscreen.patientApi.controller.PatientApiController -- GET request - getPatient 1
]]></system-out>
  </testcase>
  <testcase name="searchPatients_shouldReturnResponseEntityWithOkStatusAndListPatientDtoAsBody" classname="com.mediscreen.patientApi.controller.PatientApiControllerTest" time="0.007">
    <system-out><![CDATA[10:08:30.533 [main] INFO com.mediscreen.patientApi.controller.PatientApiController -- GET request - searchPatients Jean, Dumont
]]></system-out>
  </testcase>
<<<<<<< HEAD
  <testcase name="addPatient_shouldReturnResponseEntityWithCreatedStatusAndStringAsBody" classname="com.mediscreen.patientApi.controller.PatientApiControllerTest" time="0.005">
    <system-out><![CDATA[15:44:11.108 [main] INFO com.mediscreen.patientApi.controller.PatientApiController -- POST request - addPatient using Json Dumont, Jean
>>>>>>> 7b85438 (Clean package of all services)
=======
  <testcase name="addPatient_shouldReturnResponseEntityWithCreatedStatusAndStringAsBody" classname="com.mediscreen.patientApi.controller.PatientApiControllerTest" time="0.007">
    <system-out><![CDATA[10:08:30.541 [main] INFO com.mediscreen.patientApi.controller.PatientApiController -- POST request - addPatient using Json Dumont, Jean
>>>>>>> be49c38 (small fixes)
]]></system-out>
  </testcase>
</testsuite>